{"/home/vinni088/Desktop/Driven/Projetos/Desafio-Tecnico/src/app.ts": {"path":"/home/vinni088/Desktop/Driven/Projetos/Desafio-Tecnico/src/app.ts","statementMap":{"0":{"start":{"line":1,"column":0},"end":{"line":1,"column":59}},"1":{"start":{"line":2,"column":0},"end":{"line":2,"column":60}},"2":{"start":{"line":3,"column":0},"end":{"line":3,"column":37}},"3":{"start":{"line":4,"column":0},"end":{"line":4,"column":30}},"4":{"start":{"line":5,"column":0},"end":{"line":5,"column":24}},"5":{"start":{"line":6,"column":0},"end":{"line":6,"column":67}},"6":{"start":{"line":7,"column":0},"end":{"line":7,"column":53}},"7":{"start":{"line":10,"column":12},"end":{"line":10,"column":21}},"8":{"start":{"line":11,"column":0},"end":{"line":11,"column":16}},"9":{"start":{"line":12,"column":0},"end":{"line":12,"column":null}},"10":{"start":{"line":15,"column":0},"end":{"line":15,"column":21}},"11":{"start":{"line":16,"column":0},"end":{"line":16,"column":28}},"12":{"start":{"line":19,"column":0},"end":{"line":21,"column":3}},"13":{"start":{"line":20,"column":2},"end":{"line":20,"column":44}},"14":{"start":{"line":24,"column":0},"end":{"line":24,"column":25}},"15":{"start":{"line":26,"column":0},"end":{"line":26,"column":19}}},"fnMap":{"0":{"name":"(anonymous_7)","decl":{"start":{"line":19,"column":19},"end":{"line":19,"column":20}},"loc":{"start":{"line":19,"column":51},"end":{"line":21,"column":1}}}},"branchMap":{},"s":{"0":2,"1":2,"2":2,"3":2,"4":2,"5":2,"6":2,"7":2,"8":2,"9":2,"10":2,"11":2,"12":2,"13":0,"14":2,"15":2},"f":{"0":0},"b":{}}
,"/home/vinni088/Desktop/Driven/Projetos/Desafio-Tecnico/src/database.ts": {"path":"/home/vinni088/Desktop/Driven/Projetos/Desafio-Tecnico/src/database.ts","statementMap":{"0":{"start":{"line":1,"column":0},"end":{"line":1,"column":45}},"1":{"start":{"line":3,"column":15},"end":{"line":3,"column":33}},"2":{"start":{"line":5,"column":0},"end":{"line":5,"column":22}}},"fnMap":{},"branchMap":{},"s":{"0":2,"1":2,"2":2},"f":{},"b":{}}
,"/home/vinni088/Desktop/Driven/Projetos/Desafio-Tecnico/src/controllers/games.controller.ts": {"path":"/home/vinni088/Desktop/Driven/Projetos/Desafio-Tecnico/src/controllers/games.controller.ts","statementMap":{"0":{"start":{"line":1,"column":0},"end":{"line":1,"column":57}},"1":{"start":{"line":3,"column":0},"end":{"line":3,"column":37}},"2":{"start":{"line":7,"column":18},"end":{"line":7,"column":46}},"3":{"start":{"line":9,"column":4},"end":{"line":9,"column":49}},"4":{"start":{"line":6,"column":0},"end":{"line":6,"column":22}},"5":{"start":{"line":13,"column":19},"end":{"line":13,"column":29}},"6":{"start":{"line":15,"column":24},"end":{"line":15,"column":57}},"7":{"start":{"line":17,"column":4},"end":{"line":17,"column":55}},"8":{"start":{"line":12,"column":0},"end":{"line":12,"column":22}},"9":{"start":{"line":21,"column":43},"end":{"line":21,"column":51}},"10":{"start":{"line":23,"column":19},"end":{"line":23,"column":75}},"11":{"start":{"line":25,"column":4},"end":{"line":25,"column":57}},"12":{"start":{"line":20,"column":0},"end":{"line":20,"column":22}},"13":{"start":{"line":29,"column":19},"end":{"line":29,"column":29}},"14":{"start":{"line":30,"column":45},"end":{"line":30,"column":53}},"15":{"start":{"line":32,"column":19},"end":{"line":32,"column":81}},"16":{"start":{"line":34,"column":4},"end":{"line":34,"column":52}},"17":{"start":{"line":28,"column":0},"end":{"line":28,"column":22}},"18":{"start":{"line":38,"column":79},"end":{"line":38,"column":87}},"19":{"start":{"line":40,"column":19},"end":{"line":40,"column":110}},"20":{"start":{"line":42,"column":4},"end":{"line":42,"column":57}},"21":{"start":{"line":37,"column":0},"end":{"line":37,"column":22}}},"fnMap":{"0":{"name":"getGamesController","decl":{"start":{"line":6,"column":22},"end":{"line":6,"column":40}},"loc":{"start":{"line":6,"column":68},"end":{"line":10,"column":null}}},"1":{"name":"getGameByIdController","decl":{"start":{"line":12,"column":22},"end":{"line":12,"column":43}},"loc":{"start":{"line":12,"column":71},"end":{"line":18,"column":null}}},"2":{"name":"postGamesController","decl":{"start":{"line":20,"column":22},"end":{"line":20,"column":41}},"loc":{"start":{"line":20,"column":69},"end":{"line":26,"column":null}}},"3":{"name":"finishGameController","decl":{"start":{"line":28,"column":22},"end":{"line":28,"column":42}},"loc":{"start":{"line":28,"column":70},"end":{"line":35,"column":null}}},"4":{"name":"postBetController","decl":{"start":{"line":37,"column":22},"end":{"line":37,"column":39}},"loc":{"start":{"line":37,"column":67},"end":{"line":43,"column":null}}}},"branchMap":{},"s":{"0":2,"1":2,"2":2,"3":2,"4":2,"5":2,"6":2,"7":1,"8":2,"9":1,"10":1,"11":1,"12":2,"13":5,"14":5,"15":5,"16":1,"17":2,"18":7,"19":7,"20":1,"21":2},"f":{"0":2,"1":2,"2":1,"3":5,"4":7},"b":{}}
,"/home/vinni088/Desktop/Driven/Projetos/Desafio-Tecnico/src/controllers/participants.controller.ts": {"path":"/home/vinni088/Desktop/Driven/Projetos/Desafio-Tecnico/src/controllers/participants.controller.ts","statementMap":{"0":{"start":{"line":1,"column":0},"end":{"line":1,"column":71}},"1":{"start":{"line":3,"column":0},"end":{"line":3,"column":37}},"2":{"start":{"line":6,"column":30},"end":{"line":6,"column":38}},"3":{"start":{"line":8,"column":24},"end":{"line":8,"column":79}},"4":{"start":{"line":10,"column":4},"end":{"line":10,"column":60}},"5":{"start":{"line":5,"column":0},"end":{"line":5,"column":22}},"6":{"start":{"line":14,"column":25},"end":{"line":14,"column":66}},"7":{"start":{"line":16,"column":4},"end":{"line":16,"column":56}},"8":{"start":{"line":13,"column":0},"end":{"line":13,"column":22}}},"fnMap":{"0":{"name":"participantPost","decl":{"start":{"line":5,"column":22},"end":{"line":5,"column":37}},"loc":{"start":{"line":5,"column":65},"end":{"line":11,"column":null}}},"1":{"name":"participantGet","decl":{"start":{"line":13,"column":22},"end":{"line":13,"column":36}},"loc":{"start":{"line":13,"column":64},"end":{"line":17,"column":null}}}},"branchMap":{},"s":{"0":2,"1":2,"2":2,"3":2,"4":1,"5":2,"6":2,"7":2,"8":2},"f":{"0":2,"1":2},"b":{}}
,"/home/vinni088/Desktop/Driven/Projetos/Desafio-Tecnico/src/middlewares/errorMiddleware.ts": {"path":"/home/vinni088/Desktop/Driven/Projetos/Desafio-Tecnico/src/middlewares/errorMiddleware.ts","statementMap":{"0":{"start":{"line":1,"column":0},"end":{"line":1,"column":37}},"1":{"start":{"line":8,"column":4},"end":{"line":10,"column":null}},"2":{"start":{"line":9,"column":8},"end":{"line":9,"column":79}},"3":{"start":{"line":12,"column":4},"end":{"line":14,"column":null}},"4":{"start":{"line":13,"column":8},"end":{"line":13,"column":79}},"5":{"start":{"line":16,"column":4},"end":{"line":18,"column":null}},"6":{"start":{"line":17,"column":8},"end":{"line":17,"column":67}},"7":{"start":{"line":20,"column":4},"end":{"line":22,"column":null}},"8":{"start":{"line":21,"column":8},"end":{"line":21,"column":68}},"9":{"start":{"line":39,"column":4},"end":{"line":39,"column":null}},"10":{"start":{"line":40,"column":4},"end":{"line":40,"column":88}},"11":{"start":{"line":5,"column":0},"end":{"line":5,"column":24}}},"fnMap":{"0":{"name":"errorHandler","decl":{"start":{"line":5,"column":24},"end":{"line":5,"column":36}},"loc":{"start":{"line":5,"column":109},"end":{"line":41,"column":1}}}},"branchMap":{"0":{"loc":{"start":{"line":8,"column":4},"end":{"line":10,"column":null}},"type":"if","locations":[{"start":{"line":8,"column":4},"end":{"line":10,"column":null}}]},"1":{"loc":{"start":{"line":12,"column":4},"end":{"line":14,"column":null}},"type":"if","locations":[{"start":{"line":12,"column":4},"end":{"line":14,"column":null}}]},"2":{"loc":{"start":{"line":16,"column":4},"end":{"line":18,"column":null}},"type":"if","locations":[{"start":{"line":16,"column":4},"end":{"line":18,"column":null}}]},"3":{"loc":{"start":{"line":20,"column":4},"end":{"line":22,"column":null}},"type":"if","locations":[{"start":{"line":20,"column":4},"end":{"line":22,"column":null}}]}},"s":{"0":2,"1":12,"2":1,"3":11,"4":7,"5":4,"6":1,"7":3,"8":3,"9":0,"10":0,"11":2},"f":{"0":12},"b":{"0":[1],"1":[7],"2":[1],"3":[3]}}
,"/home/vinni088/Desktop/Driven/Projetos/Desafio-Tecnico/src/middlewares/validateSchema.ts": {"path":"/home/vinni088/Desktop/Driven/Projetos/Desafio-Tecnico/src/middlewares/validateSchema.ts","statementMap":{"0":{"start":{"line":2,"column":0},"end":{"line":2,"column":37}},"1":{"start":{"line":6,"column":2},"end":{"line":17,"column":null}},"2":{"start":{"line":7,"column":23},"end":{"line":7,"column":71}},"3":{"start":{"line":9,"column":4},"end":{"line":14,"column":null}},"4":{"start":{"line":11,"column":6},"end":{"line":13,"column":null}},"5":{"start":{"line":16,"column":4},"end":{"line":16,"column":11}},"6":{"start":{"line":5,"column":0},"end":{"line":5,"column":16}}},"fnMap":{"0":{"name":"validateSchema","decl":{"start":{"line":5,"column":16},"end":{"line":5,"column":30}},"loc":{"start":{"line":5,"column":51},"end":{"line":18,"column":1}}},"1":{"name":"(anonymous_2)","decl":{"start":{"line":6,"column":9},"end":{"line":6,"column":10}},"loc":{"start":{"line":6,"column":61},"end":{"line":17,"column":3}}}},"branchMap":{"0":{"loc":{"start":{"line":9,"column":4},"end":{"line":14,"column":null}},"type":"if","locations":[{"start":{"line":9,"column":4},"end":{"line":14,"column":null}}]}},"s":{"0":2,"1":8,"2":29,"3":29,"4":14,"5":15,"6":2},"f":{"0":8,"1":29},"b":{"0":[14]}}
,"/home/vinni088/Desktop/Driven/Projetos/Desafio-Tecnico/src/repositories/games.repository.ts": {"path":"/home/vinni088/Desktop/Driven/Projetos/Desafio-Tecnico/src/repositories/games.repository.ts","statementMap":{"0":{"start":{"line":1,"column":0},"end":{"line":1,"column":33}},"1":{"start":{"line":4,"column":14},"end":{"line":12,"column":6}},"2":{"start":{"line":13,"column":4},"end":{"line":13,"column":null}},"3":{"start":{"line":3,"column":0},"end":{"line":3,"column":22}},"4":{"start":{"line":23,"column":14},"end":{"line":33,"column":6}},"5":{"start":{"line":35,"column":24},"end":{"line":42,"column":6}},"6":{"start":{"line":43,"column":4},"end":{"line":43,"column":null}},"7":{"start":{"line":16,"column":0},"end":{"line":16,"column":22}},"8":{"start":{"line":47,"column":14},"end":{"line":47,"column":43}},"9":{"start":{"line":49,"column":4},"end":{"line":49,"column":null}},"10":{"start":{"line":46,"column":0},"end":{"line":46,"column":22}},"11":{"start":{"line":57,"column":14},"end":{"line":64,"column":6}},"12":{"start":{"line":66,"column":4},"end":{"line":66,"column":null}},"13":{"start":{"line":52,"column":0},"end":{"line":52,"column":22}},"14":{"start":{"line":74,"column":24},"end":{"line":79,"column":13}},"15":{"start":{"line":80,"column":31},"end":{"line":89,"column":13}},"16":{"start":{"line":91,"column":34},"end":{"line":96,"column":6}},"17":{"start":{"line":98,"column":4},"end":{"line":98,"column":null}},"18":{"start":{"line":99,"column":4},"end":{"line":99,"column":null}},"19":{"start":{"line":100,"column":4},"end":{"line":100,"column":null}},"20":{"start":{"line":101,"column":4},"end":{"line":101,"column":64}},"21":{"start":{"line":102,"column":4},"end":{"line":102,"column":52}},"22":{"start":{"line":103,"column":4},"end":{"line":103,"column":63}},"23":{"start":{"line":105,"column":21},"end":{"line":110,"column":6}},"24":{"start":{"line":113,"column":18},"end":{"line":113,"column":28}},"25":{"start":{"line":114,"column":4},"end":{"line":138,"column":null}},"26":{"start":{"line":114,"column":40},"end":{"line":138,"column":6}},"27":{"start":{"line":115,"column":8},"end":{"line":115,"column":89}},"28":{"start":{"line":116,"column":8},"end":{"line":116,"column":null}},"29":{"start":{"line":117,"column":8},"end":{"line":126,"column":11}},"30":{"start":{"line":128,"column":8},"end":{"line":137,"column":null}},"31":{"start":{"line":141,"column":4},"end":{"line":151,"column":7}},"32":{"start":{"line":69,"column":0},"end":{"line":69,"column":22}},"33":{"start":{"line":156,"column":14},"end":{"line":163,"column":6}},"34":{"start":{"line":165,"column":4},"end":{"line":165,"column":null}},"35":{"start":{"line":155,"column":0},"end":{"line":155,"column":22}},"36":{"start":{"line":170,"column":22},"end":{"line":174,"column":6}},"37":{"start":{"line":176,"column":4},"end":{"line":176,"column":null}},"38":{"start":{"line":169,"column":0},"end":{"line":169,"column":22}},"39":{"start":{"line":180,"column":15},"end":{"line":184,"column":6}},"40":{"start":{"line":186,"column":4},"end":{"line":186,"column":null}},"41":{"start":{"line":179,"column":0},"end":{"line":179,"column":22}}},"fnMap":{"0":{"name":"createGame","decl":{"start":{"line":3,"column":22},"end":{"line":3,"column":32}},"loc":{"start":{"line":3,"column":75},"end":{"line":14,"column":null}}},"1":{"name":"createBet","decl":{"start":{"line":16,"column":22},"end":{"line":16,"column":31}},"loc":{"start":{"line":21,"column":25},"end":{"line":44,"column":null}}},"2":{"name":"readGames","decl":{"start":{"line":46,"column":22},"end":{"line":46,"column":31}},"loc":{"start":{"line":46,"column":31},"end":{"line":50,"column":null}}},"3":{"name":"createBetFinish","decl":{"start":{"line":52,"column":22},"end":{"line":52,"column":37}},"loc":{"start":{"line":55,"column":18},"end":{"line":67,"column":null}}},"4":{"name":"betFinishCollaterals","decl":{"start":{"line":69,"column":22},"end":{"line":69,"column":42}},"loc":{"start":{"line":72,"column":18},"end":{"line":153,"column":null}}},"5":{"name":"(anonymous_18)","decl":{"start":{"line":114,"column":24},"end":{"line":114,"column":32}},"loc":{"start":{"line":114,"column":40},"end":{"line":138,"column":6}}},"6":{"name":"(anonymous_19)","decl":{"start":{"line":114,"column":40},"end":{"line":114,"column":null}},"loc":{"start":{"line":114,"column":40},"end":{"line":138,"column":5}}},"7":{"name":"readGameById","decl":{"start":{"line":155,"column":22},"end":{"line":155,"column":34}},"loc":{"start":{"line":155,"column":45},"end":{"line":166,"column":null}}},"8":{"name":"checkParticipant","decl":{"start":{"line":169,"column":22},"end":{"line":169,"column":38}},"loc":{"start":{"line":169,"column":49},"end":{"line":177,"column":null}}},"9":{"name":"checkGame","decl":{"start":{"line":179,"column":22},"end":{"line":179,"column":31}},"loc":{"start":{"line":179,"column":42},"end":{"line":187,"column":null}}}},"branchMap":{},"s":{"0":2,"1":1,"2":1,"3":2,"4":1,"5":1,"6":1,"7":2,"8":2,"9":2,"10":2,"11":1,"12":1,"13":2,"14":1,"15":1,"16":1,"17":1,"18":1,"19":1,"20":1,"21":1,"22":1,"23":1,"24":1,"25":1,"26":1,"27":1,"28":1,"29":1,"30":1,"31":1,"32":2,"33":1,"34":1,"35":2,"36":6,"37":6,"38":2,"39":6,"40":6,"41":2},"f":{"0":1,"1":1,"2":2,"3":1,"4":1,"5":1,"6":1,"7":1,"8":6,"9":6},"b":{}}
,"/home/vinni088/Desktop/Driven/Projetos/Desafio-Tecnico/src/repositories/participants.repository.ts": {"path":"/home/vinni088/Desktop/Driven/Projetos/Desafio-Tecnico/src/repositories/participants.repository.ts","statementMap":{"0":{"start":{"line":1,"column":0},"end":{"line":1,"column":33}},"1":{"start":{"line":4,"column":14},"end":{"line":4,"column":50}},"2":{"start":{"line":6,"column":4},"end":{"line":6,"column":null}},"3":{"start":{"line":3,"column":0},"end":{"line":3,"column":22}},"4":{"start":{"line":10,"column":14},"end":{"line":15,"column":6}},"5":{"start":{"line":17,"column":4},"end":{"line":17,"column":null}},"6":{"start":{"line":9,"column":0},"end":{"line":9,"column":22}}},"fnMap":{"0":{"name":"readParticipants","decl":{"start":{"line":3,"column":22},"end":{"line":3,"column":38}},"loc":{"start":{"line":3,"column":38},"end":{"line":7,"column":null}}},"1":{"name":"createParticipants","decl":{"start":{"line":9,"column":22},"end":{"line":9,"column":40}},"loc":{"start":{"line":9,"column":70},"end":{"line":18,"column":null}}}},"branchMap":{},"s":{"0":2,"1":2,"2":2,"3":2,"4":1,"5":1,"6":2},"f":{"0":2,"1":1},"b":{}}
,"/home/vinni088/Desktop/Driven/Projetos/Desafio-Tecnico/src/routers/games.router.ts": {"path":"/home/vinni088/Desktop/Driven/Projetos/Desafio-Tecnico/src/routers/games.router.ts","statementMap":{"0":{"start":{"line":1,"column":0},"end":{"line":1,"column":33}},"1":{"start":{"line":2,"column":0},"end":{"line":2,"column":63}},"2":{"start":{"line":3,"column":0},"end":{"line":3,"column":92}},"3":{"start":{"line":4,"column":0},"end":{"line":4,"column":66}},"4":{"start":{"line":6,"column":20},"end":{"line":6,"column":28}},"5":{"start":{"line":19,"column":9},"end":{"line":19,"column":20}},"6":{"start":{"line":8,"column":0},"end":{"line":8,"column":62}},"7":{"start":{"line":10,"column":0},"end":{"line":10,"column":69}},"8":{"start":{"line":12,"column":0},"end":{"line":12,"column":98}},"9":{"start":{"line":14,"column":0},"end":{"line":14,"column":109}},"10":{"start":{"line":16,"column":0},"end":{"line":16,"column":94}}},"fnMap":{},"branchMap":{},"s":{"0":2,"1":2,"2":2,"3":2,"4":2,"5":2,"6":2,"7":2,"8":2,"9":2,"10":2},"f":{},"b":{}}
,"/home/vinni088/Desktop/Driven/Projetos/Desafio-Tecnico/src/routers/participants.router.ts": {"path":"/home/vinni088/Desktop/Driven/Projetos/Desafio-Tecnico/src/routers/participants.router.ts","statementMap":{"0":{"start":{"line":1,"column":0},"end":{"line":1,"column":33}},"1":{"start":{"line":2,"column":0},"end":{"line":2,"column":63}},"2":{"start":{"line":3,"column":0},"end":{"line":3,"column":58}},"3":{"start":{"line":4,"column":0},"end":{"line":4,"column":80}},"4":{"start":{"line":6,"column":27},"end":{"line":6,"column":35}},"5":{"start":{"line":12,"column":9},"end":{"line":12,"column":27}},"6":{"start":{"line":8,"column":0},"end":{"line":8,"column":79}},"7":{"start":{"line":10,"column":0},"end":{"line":10,"column":115}}},"fnMap":{},"branchMap":{},"s":{"0":2,"1":2,"2":2,"3":2,"4":2,"5":2,"6":2,"7":2},"f":{},"b":{}}
,"/home/vinni088/Desktop/Driven/Projetos/Desafio-Tecnico/src/schemas/post.schemas.ts": {"path":"/home/vinni088/Desktop/Driven/Projetos/Desafio-Tecnico/src/schemas/post.schemas.ts","statementMap":{"0":{"start":{"line":1,"column":0},"end":{"line":1,"column":22}},"1":{"start":{"line":3,"column":13},"end":{"line":6,"column":3}},"2":{"start":{"line":8,"column":13},"end":{"line":11,"column":3}},"3":{"start":{"line":13,"column":13},"end":{"line":19,"column":3}},"4":{"start":{"line":22,"column":13},"end":{"line":25,"column":3}}},"fnMap":{},"branchMap":{},"s":{"0":2,"1":2,"2":2,"3":2,"4":2},"f":{},"b":{}}
,"/home/vinni088/Desktop/Driven/Projetos/Desafio-Tecnico/src/services/games.services.ts": {"path":"/home/vinni088/Desktop/Driven/Projetos/Desafio-Tecnico/src/services/games.services.ts","statementMap":{"0":{"start":{"line":1,"column":0},"end":{"line":1,"column":68}},"1":{"start":{"line":5,"column":19},"end":{"line":5,"column":52}},"2":{"start":{"line":7,"column":4},"end":{"line":7,"column":null}},"3":{"start":{"line":4,"column":0},"end":{"line":4,"column":22}},"4":{"start":{"line":11,"column":4},"end":{"line":11,"column":null}},"5":{"start":{"line":13,"column":4},"end":{"line":18,"column":null}},"6":{"start":{"line":14,"column":8},"end":{"line":17,"column":null}},"7":{"start":{"line":20,"column":19},"end":{"line":20,"column":57}},"8":{"start":{"line":22,"column":4},"end":{"line":22,"column":null}},"9":{"start":{"line":10,"column":0},"end":{"line":10,"column":22}},"10":{"start":{"line":26,"column":19},"end":{"line":26,"column":79}},"11":{"start":{"line":28,"column":4},"end":{"line":28,"column":null}},"12":{"start":{"line":25,"column":0},"end":{"line":25,"column":22}},"13":{"start":{"line":32,"column":4},"end":{"line":37,"column":null}},"14":{"start":{"line":33,"column":8},"end":{"line":36,"column":null}},"15":{"start":{"line":38,"column":4},"end":{"line":38,"column":null}},"16":{"start":{"line":39,"column":15},"end":{"line":39,"column":54}},"17":{"start":{"line":41,"column":4},"end":{"line":46,"column":null}},"18":{"start":{"line":42,"column":8},"end":{"line":45,"column":null}},"19":{"start":{"line":48,"column":4},"end":{"line":53,"column":null}},"20":{"start":{"line":49,"column":8},"end":{"line":52,"column":null}},"21":{"start":{"line":55,"column":19},"end":{"line":55,"column":94}},"22":{"start":{"line":57,"column":4},"end":{"line":57,"column":null}},"23":{"start":{"line":59,"column":4},"end":{"line":59,"column":null}},"24":{"start":{"line":31,"column":0},"end":{"line":31,"column":22}},"25":{"start":{"line":64,"column":4},"end":{"line":69,"column":null}},"26":{"start":{"line":65,"column":8},"end":{"line":68,"column":null}},"27":{"start":{"line":70,"column":4},"end":{"line":70,"column":null}},"28":{"start":{"line":71,"column":22},"end":{"line":71,"column":75}},"29":{"start":{"line":72,"column":4},"end":{"line":77,"column":null}},"30":{"start":{"line":73,"column":8},"end":{"line":76,"column":null}},"31":{"start":{"line":78,"column":4},"end":{"line":83,"column":null}},"32":{"start":{"line":79,"column":8},"end":{"line":82,"column":null}},"33":{"start":{"line":86,"column":4},"end":{"line":91,"column":null}},"34":{"start":{"line":87,"column":8},"end":{"line":90,"column":null}},"35":{"start":{"line":92,"column":4},"end":{"line":92,"column":null}},"36":{"start":{"line":93,"column":15},"end":{"line":93,"column":54}},"37":{"start":{"line":94,"column":4},"end":{"line":99,"column":null}},"38":{"start":{"line":95,"column":8},"end":{"line":98,"column":null}},"39":{"start":{"line":100,"column":4},"end":{"line":105,"column":null}},"40":{"start":{"line":101,"column":8},"end":{"line":104,"column":null}},"41":{"start":{"line":107,"column":19},"end":{"line":107,"column":114}},"42":{"start":{"line":109,"column":4},"end":{"line":109,"column":null}},"43":{"start":{"line":62,"column":0},"end":{"line":62,"column":22}}},"fnMap":{"0":{"name":"getGames","decl":{"start":{"line":4,"column":22},"end":{"line":4,"column":30}},"loc":{"start":{"line":4,"column":30},"end":{"line":8,"column":null}}},"1":{"name":"getGameById","decl":{"start":{"line":10,"column":22},"end":{"line":10,"column":33}},"loc":{"start":{"line":10,"column":41},"end":{"line":23,"column":null}}},"2":{"name":"createGame","decl":{"start":{"line":25,"column":22},"end":{"line":25,"column":32}},"loc":{"start":{"line":25,"column":75},"end":{"line":29,"column":null}}},"3":{"name":"finishGame","decl":{"start":{"line":31,"column":22},"end":{"line":31,"column":32}},"loc":{"start":{"line":31,"column":84},"end":{"line":60,"column":null}}},"4":{"name":"createBet","decl":{"start":{"line":62,"column":22},"end":{"line":62,"column":31}},"loc":{"start":{"line":62,"column":119},"end":{"line":110,"column":null}}}},"branchMap":{"0":{"loc":{"start":{"line":13,"column":4},"end":{"line":18,"column":null}},"type":"if","locations":[{"start":{"line":13,"column":4},"end":{"line":18,"column":null}}]},"1":{"loc":{"start":{"line":13,"column":8},"end":{"line":13,"column":27}},"type":"binary-expr","locations":[{"start":{"line":13,"column":8},"end":{"line":13,"column":17}},{"start":{"line":13,"column":21},"end":{"line":13,"column":27}}]},"2":{"loc":{"start":{"line":32,"column":4},"end":{"line":37,"column":null}},"type":"if","locations":[{"start":{"line":32,"column":4},"end":{"line":37,"column":null}}]},"3":{"loc":{"start":{"line":32,"column":8},"end":{"line":32,"column":36}},"type":"binary-expr","locations":[{"start":{"line":32,"column":8},"end":{"line":32,"column":21}},{"start":{"line":32,"column":25},"end":{"line":32,"column":36}}]},"4":{"loc":{"start":{"line":41,"column":4},"end":{"line":46,"column":null}},"type":"if","locations":[{"start":{"line":41,"column":4},"end":{"line":46,"column":null}}]},"5":{"loc":{"start":{"line":48,"column":4},"end":{"line":53,"column":null}},"type":"if","locations":[{"start":{"line":48,"column":4},"end":{"line":53,"column":null}}]},"6":{"loc":{"start":{"line":64,"column":4},"end":{"line":69,"column":null}},"type":"if","locations":[{"start":{"line":64,"column":4},"end":{"line":69,"column":null}}]},"7":{"loc":{"start":{"line":64,"column":8},"end":{"line":64,"column":50}},"type":"binary-expr","locations":[{"start":{"line":64,"column":8},"end":{"line":64,"column":28}},{"start":{"line":64,"column":32},"end":{"line":64,"column":50}}]},"8":{"loc":{"start":{"line":72,"column":4},"end":{"line":77,"column":null}},"type":"if","locations":[{"start":{"line":72,"column":4},"end":{"line":77,"column":null}}]},"9":{"loc":{"start":{"line":78,"column":4},"end":{"line":83,"column":null}},"type":"if","locations":[{"start":{"line":78,"column":4},"end":{"line":83,"column":null}}]},"10":{"loc":{"start":{"line":86,"column":4},"end":{"line":91,"column":null}},"type":"if","locations":[{"start":{"line":86,"column":4},"end":{"line":91,"column":null}}]},"11":{"loc":{"start":{"line":86,"column":8},"end":{"line":86,"column":36}},"type":"binary-expr","locations":[{"start":{"line":86,"column":8},"end":{"line":86,"column":21}},{"start":{"line":86,"column":25},"end":{"line":86,"column":36}}]},"12":{"loc":{"start":{"line":94,"column":4},"end":{"line":99,"column":null}},"type":"if","locations":[{"start":{"line":94,"column":4},"end":{"line":99,"column":null}}]},"13":{"loc":{"start":{"line":100,"column":4},"end":{"line":105,"column":null}},"type":"if","locations":[{"start":{"line":100,"column":4},"end":{"line":105,"column":null}}]}},"s":{"0":2,"1":2,"2":2,"3":2,"4":2,"5":2,"6":1,"7":1,"8":1,"9":2,"10":1,"11":1,"12":2,"13":5,"14":2,"15":3,"16":3,"17":3,"18":1,"19":2,"20":1,"21":1,"22":1,"23":1,"24":2,"25":7,"26":1,"27":6,"28":6,"29":6,"30":1,"31":5,"32":1,"33":4,"34":1,"35":3,"36":3,"37":3,"38":1,"39":2,"40":1,"41":1,"42":1,"43":2},"f":{"0":2,"1":2,"2":1,"3":5,"4":7},"b":{"0":[1],"1":[2,2],"2":[2],"3":[5,4],"4":[1],"5":[1],"6":[1],"7":[7,7],"8":[1],"9":[1],"10":[1],"11":[4,4],"12":[1],"13":[1]}}
,"/home/vinni088/Desktop/Driven/Projetos/Desafio-Tecnico/src/services/participants.services.ts": {"path":"/home/vinni088/Desktop/Driven/Projetos/Desafio-Tecnico/src/services/participants.services.ts","statementMap":{"0":{"start":{"line":1,"column":0},"end":{"line":1,"column":80}},"1":{"start":{"line":5,"column":19},"end":{"line":5,"column":65}},"2":{"start":{"line":7,"column":4},"end":{"line":7,"column":null}},"3":{"start":{"line":4,"column":0},"end":{"line":4,"column":22}},"4":{"start":{"line":11,"column":4},"end":{"line":16,"column":null}},"5":{"start":{"line":12,"column":8},"end":{"line":15,"column":null}},"6":{"start":{"line":18,"column":19},"end":{"line":18,"column":80}},"7":{"start":{"line":20,"column":4},"end":{"line":20,"column":null}},"8":{"start":{"line":10,"column":0},"end":{"line":10,"column":22}}},"fnMap":{"0":{"name":"getParticipant","decl":{"start":{"line":4,"column":22},"end":{"line":4,"column":36}},"loc":{"start":{"line":4,"column":36},"end":{"line":8,"column":null}}},"1":{"name":"postParticipant","decl":{"start":{"line":10,"column":22},"end":{"line":10,"column":37}},"loc":{"start":{"line":10,"column":67},"end":{"line":21,"column":null}}}},"branchMap":{"0":{"loc":{"start":{"line":11,"column":4},"end":{"line":16,"column":null}},"type":"if","locations":[{"start":{"line":11,"column":4},"end":{"line":16,"column":null}}]}},"s":{"0":2,"1":2,"2":2,"3":2,"4":2,"5":1,"6":1,"7":1,"8":2},"f":{"0":2,"1":2},"b":{"0":[1]}}
,"/home/vinni088/Desktop/Driven/Projetos/Desafio-Tecnico/tests/factories/factories.index.ts": {"path":"/home/vinni088/Desktop/Driven/Projetos/Desafio-Tecnico/tests/factories/factories.index.ts","statementMap":{"0":{"start":{"line":1,"column":0},"end":{"line":1,"column":40}},"1":{"start":{"line":4,"column":4},"end":{"line":4,"column":35}},"2":{"start":{"line":6,"column":4},"end":{"line":6,"column":36}},"3":{"start":{"line":8,"column":4},"end":{"line":8,"column":43}},"4":{"start":{"line":12,"column":22},"end":{"line":17,"column":6}},"5":{"start":{"line":18,"column":4},"end":{"line":18,"column":null}},"6":{"start":{"line":22,"column":15},"end":{"line":30,"column":6}},"7":{"start":{"line":31,"column":4},"end":{"line":31,"column":null}},"8":{"start":{"line":35,"column":14},"end":{"line":44,"column":6}},"9":{"start":{"line":45,"column":4},"end":{"line":45,"column":null}},"10":{"start":{"line":48,"column":4},"end":{"line":57,"column":null}},"11":{"start":{"line":59,"column":16},"end":{"line":65,"column":null}},"12":{"start":{"line":67,"column":0},"end":{"line":67,"column":null}}},"fnMap":{"0":{"name":"clearDB","decl":{"start":{"line":3,"column":15},"end":{"line":3,"column":22}},"loc":{"start":{"line":3,"column":22},"end":{"line":9,"column":null}}},"1":{"name":"createParticipant","decl":{"start":{"line":11,"column":15},"end":{"line":11,"column":32}},"loc":{"start":{"line":11,"column":62},"end":{"line":19,"column":null}}},"2":{"name":"createGame","decl":{"start":{"line":21,"column":15},"end":{"line":21,"column":25}},"loc":{"start":{"line":21,"column":68},"end":{"line":32,"column":null}}},"3":{"name":"createBet","decl":{"start":{"line":34,"column":15},"end":{"line":34,"column":24}},"loc":{"start":{"line":34,"column":127},"end":{"line":46,"column":null}}},"4":{"name":"finishGame","decl":{"start":{"line":47,"column":15},"end":{"line":47,"column":25}},"loc":{"start":{"line":47,"column":36},"end":{"line":58,"column":null}}}},"branchMap":{},"s":{"0":2,"1":134,"2":134,"3":134,"4":17,"5":17,"6":17,"7":17,"8":7,"9":7,"10":2,"11":2,"12":2},"f":{"0":134,"1":17,"2":17,"3":7,"4":2},"b":{}}
}
