TN:
SF:src/app.ts
FN:19,(anonymous_7)
FNF:1
FNH:0
FNDA:0,(anonymous_7)
DA:1,2
DA:2,2
DA:3,2
DA:4,2
DA:5,2
DA:6,2
DA:7,2
DA:10,2
DA:11,2
DA:12,2
DA:15,2
DA:16,2
DA:19,2
DA:20,0
DA:24,2
DA:26,2
LF:16
LH:15
BRF:0
BRH:0
end_of_record
TN:
SF:src/database.ts
FNF:0
FNH:0
DA:1,2
DA:3,2
DA:5,2
LF:3
LH:3
BRF:0
BRH:0
end_of_record
TN:
SF:src/controllers/games.controller.ts
FN:6,getGamesController
FN:12,getGameByIdController
FN:20,postGamesController
FN:28,finishGameController
FN:37,postBetController
FNF:5
FNH:5
FNDA:2,getGamesController
FNDA:2,getGameByIdController
FNDA:1,postGamesController
FNDA:5,finishGameController
FNDA:7,postBetController
DA:1,2
DA:3,2
DA:6,2
DA:7,2
DA:9,2
DA:12,2
DA:13,2
DA:15,2
DA:17,1
DA:20,2
DA:21,1
DA:23,1
DA:25,1
DA:28,2
DA:29,5
DA:30,5
DA:32,5
DA:34,1
DA:37,2
DA:38,7
DA:40,7
DA:42,1
LF:22
LH:22
BRF:0
BRH:0
end_of_record
TN:
SF:src/controllers/participants.controller.ts
FN:5,participantPost
FN:13,participantGet
FNF:2
FNH:2
FNDA:2,participantPost
FNDA:2,participantGet
DA:1,2
DA:3,2
DA:5,2
DA:6,2
DA:8,2
DA:10,1
DA:13,2
DA:14,2
DA:16,2
LF:9
LH:9
BRF:0
BRH:0
end_of_record
TN:
SF:src/middlewares/errorMiddleware.ts
FN:5,errorHandler
FNF:1
FNH:1
FNDA:12,errorHandler
DA:1,2
DA:5,2
DA:8,12
DA:9,1
DA:12,11
DA:13,7
DA:16,4
DA:17,1
DA:20,3
DA:21,3
DA:39,0
DA:40,0
LF:12
LH:10
BRDA:8,0,0,1
BRDA:12,1,0,7
BRDA:16,2,0,1
BRDA:20,3,0,3
BRF:4
BRH:4
end_of_record
TN:
SF:src/middlewares/validateSchema.ts
FN:5,validateSchema
FN:6,(anonymous_2)
FNF:2
FNH:2
FNDA:8,validateSchema
FNDA:29,(anonymous_2)
DA:2,2
DA:5,2
DA:6,8
DA:7,29
DA:9,29
DA:11,14
DA:16,15
LF:7
LH:7
BRDA:9,0,0,14
BRF:1
BRH:1
end_of_record
TN:
SF:src/repositories/games.repository.ts
FN:3,createGame
FN:16,createBet
FN:46,readGames
FN:52,createBetFinish
FN:69,betFinishCollaterals
FN:114,(anonymous_18)
FN:114,(anonymous_19)
FN:155,readGameById
FN:169,checkParticipant
FN:179,checkGame
FNF:10
FNH:10
FNDA:1,createGame
FNDA:1,createBet
FNDA:2,readGames
FNDA:1,createBetFinish
FNDA:1,betFinishCollaterals
FNDA:1,(anonymous_18)
FNDA:1,(anonymous_19)
FNDA:1,readGameById
FNDA:6,checkParticipant
FNDA:6,checkGame
DA:1,2
DA:3,2
DA:4,1
DA:13,1
DA:16,2
DA:23,1
DA:35,1
DA:43,1
DA:46,2
DA:47,2
DA:49,2
DA:52,2
DA:57,1
DA:66,1
DA:69,2
DA:74,1
DA:80,1
DA:91,1
DA:98,1
DA:99,1
DA:100,1
DA:101,1
DA:102,1
DA:103,1
DA:105,1
DA:113,1
DA:114,1
DA:115,1
DA:116,1
DA:117,1
DA:128,1
DA:141,1
DA:155,2
DA:156,1
DA:165,1
DA:169,2
DA:170,6
DA:176,6
DA:179,2
DA:180,6
DA:186,6
LF:41
LH:41
BRF:0
BRH:0
end_of_record
TN:
SF:src/repositories/participants.repository.ts
FN:3,readParticipants
FN:9,createParticipants
FNF:2
FNH:2
FNDA:2,readParticipants
FNDA:1,createParticipants
DA:1,2
DA:3,2
DA:4,2
DA:6,2
DA:9,2
DA:10,1
DA:17,1
LF:7
LH:7
BRF:0
BRH:0
end_of_record
TN:
SF:src/routers/games.router.ts
FNF:0
FNH:0
DA:1,2
DA:2,2
DA:3,2
DA:4,2
DA:6,2
DA:8,2
DA:10,2
DA:12,2
DA:14,2
DA:16,2
DA:19,2
LF:11
LH:11
BRF:0
BRH:0
end_of_record
TN:
SF:src/routers/participants.router.ts
FNF:0
FNH:0
DA:1,2
DA:2,2
DA:3,2
DA:4,2
DA:6,2
DA:8,2
DA:10,2
DA:12,2
LF:8
LH:8
BRF:0
BRH:0
end_of_record
TN:
SF:src/schemas/post.schemas.ts
FNF:0
FNH:0
DA:1,2
DA:3,2
DA:8,2
DA:13,2
DA:22,2
LF:5
LH:5
BRF:0
BRH:0
end_of_record
TN:
SF:src/services/games.services.ts
FN:4,getGames
FN:10,getGameById
FN:25,createGame
FN:31,finishGame
FN:62,createBet
FNF:5
FNH:5
FNDA:2,getGames
FNDA:2,getGameById
FNDA:1,createGame
FNDA:5,finishGame
FNDA:7,createBet
DA:1,2
DA:4,2
DA:5,2
DA:7,2
DA:10,2
DA:11,2
DA:13,2
DA:14,1
DA:20,1
DA:22,1
DA:25,2
DA:26,1
DA:28,1
DA:31,2
DA:32,5
DA:33,2
DA:38,3
DA:39,3
DA:41,3
DA:42,1
DA:48,2
DA:49,1
DA:55,1
DA:57,1
DA:59,1
DA:62,2
DA:64,7
DA:65,1
DA:70,6
DA:71,6
DA:72,6
DA:73,1
DA:78,5
DA:79,1
DA:86,4
DA:87,1
DA:92,3
DA:93,3
DA:94,3
DA:95,1
DA:100,2
DA:101,1
DA:107,1
DA:109,1
LF:44
LH:44
BRDA:13,0,0,1
BRDA:13,1,0,2
BRDA:13,1,1,2
BRDA:32,2,0,2
BRDA:32,3,0,5
BRDA:32,3,1,4
BRDA:41,4,0,1
BRDA:48,5,0,1
BRDA:64,6,0,1
BRDA:64,7,0,7
BRDA:64,7,1,7
BRDA:72,8,0,1
BRDA:78,9,0,1
BRDA:86,10,0,1
BRDA:86,11,0,4
BRDA:86,11,1,4
BRDA:94,12,0,1
BRDA:100,13,0,1
BRF:18
BRH:18
end_of_record
TN:
SF:src/services/participants.services.ts
FN:4,getParticipant
FN:10,postParticipant
FNF:2
FNH:2
FNDA:2,getParticipant
FNDA:2,postParticipant
DA:1,2
DA:4,2
DA:5,2
DA:7,2
DA:10,2
DA:11,2
DA:12,1
DA:18,1
DA:20,1
LF:9
LH:9
BRDA:11,0,0,1
BRF:1
BRH:1
end_of_record
TN:
SF:tests/factories/factories.index.ts
FN:3,clearDB
FN:11,createParticipant
FN:21,createGame
FN:34,createBet
FN:47,finishGame
FNF:5
FNH:5
FNDA:134,clearDB
FNDA:17,createParticipant
FNDA:17,createGame
FNDA:7,createBet
FNDA:2,finishGame
DA:1,2
DA:4,134
DA:6,134
DA:8,134
DA:12,17
DA:18,17
DA:22,17
DA:31,17
DA:35,7
DA:45,7
DA:48,2
DA:59,2
DA:67,2
LF:13
LH:13
BRF:0
BRH:0
end_of_record
